<?xml version="1.0" encoding="UTF-8"?>
<testng-results skipped="0" failed="0" ignored="0" total="1" passed="1">
  <reporter-output>
  </reporter-output>
  <suite name="Default suite" duration-ms="2618" started-at="2021-07-12T19:37:58 IST" finished-at="2021-07-12T19:38:01 IST">
    <groups>
    </groups>
    <test name="Default test" duration-ms="2618" started-at="2021-07-12T19:37:58 IST" finished-at="2021-07-12T19:38:01 IST">
      <class name="com.qa.tests.PostAPITest">
        <test-method status="PASS" signature="setup()[pri:0, instance:com.qa.tests.PostAPITest@1f554b06]" name="setup" is-config="true" duration-ms="4" started-at="2021-07-12T19:37:58 IST" finished-at="2021-07-12T19:37:58 IST">
          <reporter-output>
          </reporter-output>
        </test-method> <!-- setup -->
        <test-method status="PASS" signature="postAPITest()[pri:0, instance:com.qa.tests.PostAPITest@1f554b06]" name="postAPITest" duration-ms="2582" started-at="2021-07-12T19:37:58 IST" finished-at="2021-07-12T19:38:01 IST">
          <reporter-output>
          </reporter-output>
        </test-method> <!-- postAPITest -->
      </class> <!-- com.qa.tests.PostAPITest -->
    </test> <!-- Default test -->
  </suite> <!-- Default suite -->
</testng-results>
