<?xml version="1.0" encoding="UTF-8"?>
<testng-results skipped="0" failed="0" ignored="0" total="6" passed="6">
  <reporter-output>
  </reporter-output>
  <suite name="TestNG Tutorial Test Automation Suite" duration-ms="103" started-at="2021-08-28T02:46:25 IST" finished-at="2021-08-28T02:46:25 IST">
    <groups>
    </groups>
    <test name="Different TestNG FeatureTest" duration-ms="103" started-at="2021-08-28T02:46:25 IST" finished-at="2021-08-28T02:46:25 IST">
      <class name="com.selflearning.DemoTest">
        <test-method status="PASS" signature="beforeSuite()[pri:0, instance:com.selflearning.DemoTest@34cd072c]" name="beforeSuite" is-config="true" duration-ms="5" started-at="2021-08-28T02:46:25 IST" finished-at="2021-08-28T02:46:25 IST">
          <reporter-output>
          </reporter-output>
        </test-method> <!-- beforeSuite -->
        <test-method status="PASS" signature="beforeTest()[pri:0, instance:com.selflearning.DemoTest@34cd072c]" name="beforeTest" is-config="true" duration-ms="0" started-at="2021-08-28T02:46:25 IST" finished-at="2021-08-28T02:46:25 IST">
          <reporter-output>
          </reporter-output>
        </test-method> <!-- beforeTest -->
        <test-method status="PASS" signature="beforeClass()[pri:0, instance:com.selflearning.DemoTest@34cd072c]" name="beforeClass" is-config="true" duration-ms="1" started-at="2021-08-28T02:46:25 IST" finished-at="2021-08-28T02:46:25 IST">
          <reporter-output>
          </reporter-output>
        </test-method> <!-- beforeClass -->
        <test-method status="PASS" signature="beforeMethod()[pri:0, instance:com.selflearning.DemoTest@34cd072c]" name="beforeMethod" is-config="true" duration-ms="0" started-at="2021-08-28T02:46:25 IST" finished-at="2021-08-28T02:46:25 IST">
          <reporter-output>
          </reporter-output>
        </test-method> <!-- beforeMethod -->
        <test-method status="PASS" signature="test1()[pri:0, instance:com.selflearning.DemoTest@34cd072c]" name="test1" duration-ms="4" started-at="2021-08-28T02:46:25 IST" finished-at="2021-08-28T02:46:25 IST">
          <reporter-output>
          </reporter-output>
        </test-method> <!-- test1 -->
        <test-method status="PASS" signature="afterMethod()[pri:0, instance:com.selflearning.DemoTest@34cd072c]" name="afterMethod" is-config="true" duration-ms="0" started-at="2021-08-28T02:46:25 IST" finished-at="2021-08-28T02:46:25 IST">
          <reporter-output>
          </reporter-output>
        </test-method> <!-- afterMethod -->
        <test-method status="PASS" signature="beforeMethod()[pri:0, instance:com.selflearning.DemoTest@34cd072c]" name="beforeMethod" is-config="true" duration-ms="0" started-at="2021-08-28T02:46:25 IST" finished-at="2021-08-28T02:46:25 IST">
          <reporter-output>
          </reporter-output>
        </test-method> <!-- beforeMethod -->
        <test-method status="PASS" signature="test2()[pri:0, instance:com.selflearning.DemoTest@34cd072c]" name="test2" duration-ms="2" started-at="2021-08-28T02:46:25 IST" finished-at="2021-08-28T02:46:25 IST">
          <reporter-output>
          </reporter-output>
        </test-method> <!-- test2 -->
        <test-method status="PASS" signature="test3()[pri:0, instance:com.selflearning.DemoTest@34cd072c]" name="test3" duration-ms="1" started-at="2021-08-28T02:46:25 IST" finished-at="2021-08-28T02:46:25 IST">
          <reporter-output>
          </reporter-output>
        </test-method> <!-- test3 -->
        <test-method status="PASS" signature="beforeMethod()[pri:0, instance:com.selflearning.DemoTest@34cd072c]" name="beforeMethod" is-config="true" duration-ms="0" started-at="2021-08-28T02:46:25 IST" finished-at="2021-08-28T02:46:25 IST">
          <reporter-output>
          </reporter-output>
        </test-method> <!-- beforeMethod -->
        <test-method status="PASS" signature="afterMethod()[pri:0, instance:com.selflearning.DemoTest@34cd072c]" name="afterMethod" is-config="true" duration-ms="0" started-at="2021-08-28T02:46:25 IST" finished-at="2021-08-28T02:46:25 IST">
          <reporter-output>
          </reporter-output>
        </test-method> <!-- afterMethod -->
        <test-method status="PASS" signature="afterMethod()[pri:0, instance:com.selflearning.DemoTest@34cd072c]" name="afterMethod" is-config="true" duration-ms="0" started-at="2021-08-28T02:46:25 IST" finished-at="2021-08-28T02:46:25 IST">
          <reporter-output>
          </reporter-output>
        </test-method> <!-- afterMethod -->
        <test-method status="PASS" signature="afterClass()[pri:0, instance:com.selflearning.DemoTest@34cd072c]" name="afterClass" is-config="true" duration-ms="1" started-at="2021-08-28T02:46:25 IST" finished-at="2021-08-28T02:46:25 IST">
          <reporter-output>
          </reporter-output>
        </test-method> <!-- afterClass -->
        <test-method status="PASS" signature="afterTest()[pri:0, instance:com.selflearning.DemoTest@34cd072c]" name="afterTest" is-config="true" duration-ms="0" started-at="2021-08-28T02:46:25 IST" finished-at="2021-08-28T02:46:25 IST">
          <reporter-output>
          </reporter-output>
        </test-method> <!-- afterTest -->
        <test-method status="PASS" signature="afterSuite()[pri:0, instance:com.selflearning.DemoTest@34cd072c]" name="afterSuite" is-config="true" duration-ms="0" started-at="2021-08-28T02:46:25 IST" finished-at="2021-08-28T02:46:25 IST">
          <reporter-output>
          </reporter-output>
        </test-method> <!-- afterSuite -->
      </class> <!-- com.selflearning.DemoTest -->
      <class name="com.selflearning.DemoTest1">
        <test-method status="PASS" signature="beforeSuite1()[pri:0, instance:com.selflearning.DemoTest1@30a3107a]" name="beforeSuite1" is-config="true" duration-ms="0" started-at="2021-08-28T02:46:25 IST" finished-at="2021-08-28T02:46:25 IST">
          <reporter-output>
          </reporter-output>
        </test-method> <!-- beforeSuite1 -->
        <test-method status="PASS" signature="beforeTest1()[pri:0, instance:com.selflearning.DemoTest1@30a3107a]" name="beforeTest1" is-config="true" duration-ms="1" started-at="2021-08-28T02:46:25 IST" finished-at="2021-08-28T02:46:25 IST">
          <reporter-output>
          </reporter-output>
        </test-method> <!-- beforeTest1 -->
        <test-method status="PASS" signature="beforeClass1()[pri:0, instance:com.selflearning.DemoTest1@30a3107a]" name="beforeClass1" is-config="true" duration-ms="66" started-at="2021-08-28T02:46:25 IST" finished-at="2021-08-28T02:46:25 IST">
          <reporter-output>
          </reporter-output>
        </test-method> <!-- beforeClass1 -->
        <test-method status="PASS" signature="beforeMethod1()[pri:0, instance:com.selflearning.DemoTest1@30a3107a]" name="beforeMethod1" is-config="true" duration-ms="0" started-at="2021-08-28T02:46:25 IST" finished-at="2021-08-28T02:46:25 IST">
          <reporter-output>
          </reporter-output>
        </test-method> <!-- beforeMethod1 -->
        <test-method status="PASS" signature="test1DemoTest1()[pri:0, instance:com.selflearning.DemoTest1@30a3107a]" name="test1DemoTest1" duration-ms="1" started-at="2021-08-28T02:46:25 IST" finished-at="2021-08-28T02:46:25 IST">
          <reporter-output>
          </reporter-output>
        </test-method> <!-- test1DemoTest1 -->
        <test-method status="PASS" signature="afterMethod1()[pri:0, instance:com.selflearning.DemoTest1@30a3107a]" name="afterMethod1" is-config="true" duration-ms="0" started-at="2021-08-28T02:46:25 IST" finished-at="2021-08-28T02:46:25 IST">
          <reporter-output>
          </reporter-output>
        </test-method> <!-- afterMethod1 -->
        <test-method status="PASS" signature="beforeMethod1()[pri:0, instance:com.selflearning.DemoTest1@30a3107a]" name="beforeMethod1" is-config="true" duration-ms="0" started-at="2021-08-28T02:46:25 IST" finished-at="2021-08-28T02:46:25 IST">
          <reporter-output>
          </reporter-output>
        </test-method> <!-- beforeMethod1 -->
        <test-method status="PASS" signature="test2DemoTest1()[pri:0, instance:com.selflearning.DemoTest1@30a3107a]" name="test2DemoTest1" duration-ms="1" started-at="2021-08-28T02:46:25 IST" finished-at="2021-08-28T02:46:25 IST">
          <reporter-output>
          </reporter-output>
        </test-method> <!-- test2DemoTest1 -->
        <test-method status="PASS" signature="beforeMethod1()[pri:0, instance:com.selflearning.DemoTest1@30a3107a]" name="beforeMethod1" is-config="true" duration-ms="0" started-at="2021-08-28T02:46:25 IST" finished-at="2021-08-28T02:46:25 IST">
          <reporter-output>
          </reporter-output>
        </test-method> <!-- beforeMethod1 -->
        <test-method status="PASS" signature="test3DemoTest1()[pri:0, instance:com.selflearning.DemoTest1@30a3107a]" name="test3DemoTest1" duration-ms="1" started-at="2021-08-28T02:46:25 IST" finished-at="2021-08-28T02:46:25 IST">
          <reporter-output>
          </reporter-output>
        </test-method> <!-- test3DemoTest1 -->
        <test-method status="PASS" signature="afterMethod1()[pri:0, instance:com.selflearning.DemoTest1@30a3107a]" name="afterMethod1" is-config="true" duration-ms="0" started-at="2021-08-28T02:46:25 IST" finished-at="2021-08-28T02:46:25 IST">
          <reporter-output>
          </reporter-output>
        </test-method> <!-- afterMethod1 -->
        <test-method status="PASS" signature="afterClass1()[pri:0, instance:com.selflearning.DemoTest1@30a3107a]" name="afterClass1" is-config="true" duration-ms="0" started-at="2021-08-28T02:46:25 IST" finished-at="2021-08-28T02:46:25 IST">
          <reporter-output>
          </reporter-output>
        </test-method> <!-- afterClass1 -->
        <test-method status="PASS" signature="afterMethod1()[pri:0, instance:com.selflearning.DemoTest1@30a3107a]" name="afterMethod1" is-config="true" duration-ms="0" started-at="2021-08-28T02:46:25 IST" finished-at="2021-08-28T02:46:25 IST">
          <reporter-output>
          </reporter-output>
        </test-method> <!-- afterMethod1 -->
        <test-method status="PASS" signature="afterTest1()[pri:0, instance:com.selflearning.DemoTest1@30a3107a]" name="afterTest1" is-config="true" duration-ms="0" started-at="2021-08-28T02:46:25 IST" finished-at="2021-08-28T02:46:25 IST">
          <reporter-output>
          </reporter-output>
        </test-method> <!-- afterTest1 -->
        <test-method status="PASS" signature="afterSuite1()[pri:0, instance:com.selflearning.DemoTest1@30a3107a]" name="afterSuite1" is-config="true" duration-ms="0" started-at="2021-08-28T02:46:25 IST" finished-at="2021-08-28T02:46:25 IST">
          <reporter-output>
          </reporter-output>
        </test-method> <!-- afterSuite1 -->
      </class> <!-- com.selflearning.DemoTest1 -->
    </test> <!-- Different TestNG FeatureTest -->
  </suite> <!-- TestNG Tutorial Test Automation Suite -->
</testng-results>
