<?xml version="1.0" encoding="UTF-8"?>
<testng-results skipped="0" failed="0" total="1" passed="1">
  <reporter-output>
  </reporter-output>
  <suite name="Default suite" duration-ms="1523" started-at="2021-04-16T18:57:15Z" finished-at="2021-04-16T18:57:17Z">
    <groups>
    </groups>
    <test name="Default test" duration-ms="1523" started-at="2021-04-16T18:57:15Z" finished-at="2021-04-16T18:57:17Z">
      <class name="com.restassured.intro.CoursesPriceSumValidation">
        <test-method status="PASS" signature="sumOfCourses()[pri:0, instance:com.restassured.intro.CoursesPriceSumValidation@48524010]" name="sumOfCourses" duration-ms="1507" started-at="2021-04-17T00:27:15Z" finished-at="2021-04-17T00:27:17Z">
          <reporter-output>
          </reporter-output>
        </test-method> <!-- sumOfCourses -->
      </class> <!-- com.restassured.intro.CoursesPriceSumValidation -->
    </test> <!-- Default test -->
  </suite> <!-- Default suite -->
</testng-results>
