<?xml version="1.0" encoding="UTF-8"?>
<!-- Generated by org.testng.reporters.JUnitXMLReporter -->
<testsuite hostname="LP1-AP-51836313" ignored="0" name="Default test" tests="3" failures="0" timestamp="2021-08-28T02:46:00 IST" time="0.028" errors="0">
  <testcase name="test1DemoTest1" time="0.004" classname="com.selflearning.DemoTest1"/>
  <testcase name="test2DemoTest1" time="0.001" classname="com.selflearning.DemoTest1"/>
  <testcase name="test3DemoTest1" time="0.001" classname="com.selflearning.DemoTest1"/>
</testsuite> <!-- Default test -->
