<?xml version="1.0" encoding="UTF-8"?>
<!-- Generated by org.testng.reporters.JUnitXMLReporter -->
<testsuite hostname="LP1-AP-51836313" ignored="0" name="Test Maven Testing" tests="12" failures="0" timestamp="2021-05-27T18:45:37 IST" time="0.103" errors="0">
  <testcase name="sum" time="0.004" classname="com.qa.test.DemoTest"/>
  <testcase name="multi" time="0.0" classname="com.qa.test.DemoTest"/>
  <testcase name="div" time="0.0" classname="com.qa.test.DemoTest"/>
  <testcase name="sub" time="0.0" classname="com.qa.test.DemoTest"/>
  <testcase name="div" time="0.001" classname="com.qa.test.DemoTest1"/>
  <testcase name="multi" time="0.065" classname="com.qa.test.DemoTest1"/>
  <testcase name="sub" time="0.0" classname="com.qa.test.DemoTest1"/>
  <testcase name="sum" time="0.001" classname="com.qa.test.DemoTest1"/>
  <testcase name="div" time="0.0" classname="com.qa.test.DemoTest2"/>
  <testcase name="multi" time="0.0" classname="com.qa.test.DemoTest2"/>
  <testcase name="sub" time="0.001" classname="com.qa.test.DemoTest2"/>
  <testcase name="sum" time="0.0" classname="com.qa.test.DemoTest2"/>
</testsuite> <!-- Test Maven Testing -->
