<?xml version="1.0" encoding="UTF-8"?>
<testng-results skipped="0" failed="0" ignored="0" total="12" passed="12">
  <reporter-output>
  </reporter-output>
  <suite name="Test Maven Suite" duration-ms="103" started-at="2021-05-27T18:45:37 IST" finished-at="2021-05-27T18:45:37 IST">
    <groups>
    </groups>
    <test name="Test Maven Testing" duration-ms="103" started-at="2021-05-27T18:45:37 IST" finished-at="2021-05-27T18:45:37 IST">
      <class name="com.qa.test.DemoTest">
        <test-method status="PASS" signature="sum()[pri:1, instance:com.qa.test.DemoTest@6536e911]" name="sum" duration-ms="4" started-at="2021-05-27T18:45:37 IST" finished-at="2021-05-27T18:45:37 IST">
          <reporter-output>
          </reporter-output>
        </test-method> <!-- sum -->
        <test-method status="PASS" signature="div()[pri:3, instance:com.qa.test.DemoTest@6536e911]" name="div" duration-ms="0" started-at="2021-05-27T18:45:37 IST" finished-at="2021-05-27T18:45:37 IST">
          <reporter-output>
          </reporter-output>
        </test-method> <!-- div -->
        <test-method status="PASS" signature="multi()[pri:2, instance:com.qa.test.DemoTest@6536e911]" name="multi" duration-ms="0" started-at="2021-05-27T18:45:37 IST" finished-at="2021-05-27T18:45:37 IST">
          <reporter-output>
          </reporter-output>
        </test-method> <!-- multi -->
        <test-method status="PASS" signature="sub()[pri:4, instance:com.qa.test.DemoTest@6536e911]" name="sub" duration-ms="0" started-at="2021-05-27T18:45:37 IST" finished-at="2021-05-27T18:45:37 IST">
          <reporter-output>
          </reporter-output>
        </test-method> <!-- sub -->
      </class> <!-- com.qa.test.DemoTest -->
      <class name="com.qa.test.DemoTest1">
        <test-method status="PASS" signature="div()[pri:1, instance:com.qa.test.DemoTest1@3b0143d3]" name="div" duration-ms="1" started-at="2021-05-27T18:45:37 IST" finished-at="2021-05-27T18:45:37 IST">
          <reporter-output>
          </reporter-output>
        </test-method> <!-- div -->
        <test-method status="PASS" signature="multi()[pri:2, instance:com.qa.test.DemoTest1@3b0143d3]" name="multi" duration-ms="65" started-at="2021-05-27T18:45:37 IST" finished-at="2021-05-27T18:45:37 IST">
          <reporter-output>
          </reporter-output>
        </test-method> <!-- multi -->
        <test-method status="PASS" signature="sum()[pri:4, instance:com.qa.test.DemoTest1@3b0143d3]" name="sum" duration-ms="1" started-at="2021-05-27T18:45:37 IST" finished-at="2021-05-27T18:45:37 IST">
          <reporter-output>
          </reporter-output>
        </test-method> <!-- sum -->
        <test-method status="PASS" signature="sub()[pri:3, instance:com.qa.test.DemoTest1@3b0143d3]" name="sub" duration-ms="0" started-at="2021-05-27T18:45:37 IST" finished-at="2021-05-27T18:45:37 IST">
          <reporter-output>
          </reporter-output>
        </test-method> <!-- sub -->
      </class> <!-- com.qa.test.DemoTest1 -->
      <class name="com.qa.test.DemoTest2">
        <test-method status="PASS" signature="div()[pri:0, instance:com.qa.test.DemoTest2@5a8e6209]" name="div" duration-ms="0" started-at="2021-05-27T18:45:37 IST" finished-at="2021-05-27T18:45:37 IST">
          <reporter-output>
          </reporter-output>
        </test-method> <!-- div -->
        <test-method status="PASS" signature="sub()[pri:0, instance:com.qa.test.DemoTest2@5a8e6209]" name="sub" duration-ms="1" started-at="2021-05-27T18:45:37 IST" finished-at="2021-05-27T18:45:37 IST">
          <reporter-output>
          </reporter-output>
        </test-method> <!-- sub -->
        <test-method status="PASS" signature="multi()[pri:0, instance:com.qa.test.DemoTest2@5a8e6209]" name="multi" duration-ms="0" started-at="2021-05-27T18:45:37 IST" finished-at="2021-05-27T18:45:37 IST">
          <reporter-output>
          </reporter-output>
        </test-method> <!-- multi -->
        <test-method status="PASS" signature="sum()[pri:0, instance:com.qa.test.DemoTest2@5a8e6209]" name="sum" duration-ms="0" started-at="2021-05-27T18:45:37 IST" finished-at="2021-05-27T18:45:37 IST">
          <reporter-output>
          </reporter-output>
        </test-method> <!-- sum -->
      </class> <!-- com.qa.test.DemoTest2 -->
    </test> <!-- Test Maven Testing -->
  </suite> <!-- Test Maven Suite -->
</testng-results>
