<?xml version="1.0" encoding="UTF-8"?>
<!-- Generated by org.testng.reporters.JUnitXMLReporter -->
<testsuite hostname="LP1-AP-51836313" ignored="0" name="Different TestNG FeatureTest" tests="6" failures="0" timestamp="2021-08-28T02:46:25 IST" time="0.103" errors="0">
  <testcase name="test1" time="0.004" classname="com.selflearning.DemoTest"/>
  <testcase name="test2" time="0.002" classname="com.selflearning.DemoTest"/>
  <testcase name="test3" time="0.001" classname="com.selflearning.DemoTest"/>
  <testcase name="test1DemoTest1" time="0.001" classname="com.selflearning.DemoTest1"/>
  <testcase name="test2DemoTest1" time="0.001" classname="com.selflearning.DemoTest1"/>
  <testcase name="test3DemoTest1" time="0.001" classname="com.selflearning.DemoTest1"/>
</testsuite> <!-- Different TestNG FeatureTest -->
