<?xml version="1.0" encoding="UTF-8"?>
<testng-results skipped="0" failed="0" ignored="0" total="6" passed="6">
  <reporter-output>
  </reporter-output>
  <suite name="Default suite" duration-ms="3499" started-at="2021-07-28T01:48:23 IST" finished-at="2021-07-28T01:48:27 IST">
    <groups>
    </groups>
    <test name="Default test" duration-ms="3499" started-at="2021-07-28T01:48:23 IST" finished-at="2021-07-28T01:48:27 IST">
      <class name="com.restassuredapi.basic.LibraryApi">
        <test-method status="PASS" signature="addBook(java.lang.String,java.lang.String)[pri:1, instance:com.restassuredapi.basic.LibraryApi@3b088d51]" name="addBook" duration-ms="2577" started-at="2021-07-28T01:48:23 IST" data-provider="BooksData" finished-at="2021-07-28T01:48:26 IST">
          <params>
            <param index="0">
              <value>
                <![CDATA[kslasx]]>
              </value>
            </param>
            <param index="1">
              <value>
                <![CDATA[4646]]>
              </value>
            </param>
          </params>
          <reporter-output>
          </reporter-output>
        </test-method> <!-- addBook -->
        <test-method status="PASS" signature="addBook(java.lang.String,java.lang.String)[pri:1, instance:com.restassuredapi.basic.LibraryApi@3b088d51]" name="addBook" duration-ms="391" started-at="2021-07-28T01:48:26 IST" data-provider="BooksData" finished-at="2021-07-28T01:48:26 IST">
          <params>
            <param index="0">
              <value>
                <![CDATA[jgddls]]>
              </value>
            </param>
            <param index="1">
              <value>
                <![CDATA[48741]]>
              </value>
            </param>
          </params>
          <reporter-output>
          </reporter-output>
        </test-method> <!-- addBook -->
        <test-method status="PASS" signature="addBook(java.lang.String,java.lang.String)[pri:1, instance:com.restassuredapi.basic.LibraryApi@3b088d51]" name="addBook" duration-ms="139" started-at="2021-07-28T01:48:26 IST" data-provider="BooksData" finished-at="2021-07-28T01:48:26 IST">
          <params>
            <param index="0">
              <value>
                <![CDATA[hehieuwjd]]>
              </value>
            </param>
            <param index="1">
              <value>
                <![CDATA[75412]]>
              </value>
            </param>
          </params>
          <reporter-output>
          </reporter-output>
        </test-method> <!-- addBook -->
        <test-method status="PASS" signature="deleteBook(java.lang.String,java.lang.String)[pri:2, instance:com.restassuredapi.basic.LibraryApi@3b088d51]" name="deleteBook" duration-ms="124" started-at="2021-07-28T01:48:26 IST" data-provider="BooksData" finished-at="2021-07-28T01:48:26 IST">
          <params>
            <param index="0">
              <value>
                <![CDATA[kslasx]]>
              </value>
            </param>
            <param index="1">
              <value>
                <![CDATA[4646]]>
              </value>
            </param>
          </params>
          <reporter-output>
          </reporter-output>
        </test-method> <!-- deleteBook -->
        <test-method status="PASS" signature="deleteBook(java.lang.String,java.lang.String)[pri:2, instance:com.restassuredapi.basic.LibraryApi@3b088d51]" name="deleteBook" duration-ms="117" started-at="2021-07-28T01:48:26 IST" data-provider="BooksData" finished-at="2021-07-28T01:48:27 IST">
          <params>
            <param index="0">
              <value>
                <![CDATA[jgddls]]>
              </value>
            </param>
            <param index="1">
              <value>
                <![CDATA[48741]]>
              </value>
            </param>
          </params>
          <reporter-output>
          </reporter-output>
        </test-method> <!-- deleteBook -->
        <test-method status="PASS" signature="deleteBook(java.lang.String,java.lang.String)[pri:2, instance:com.restassuredapi.basic.LibraryApi@3b088d51]" name="deleteBook" duration-ms="112" started-at="2021-07-28T01:48:27 IST" data-provider="BooksData" finished-at="2021-07-28T01:48:27 IST">
          <params>
            <param index="0">
              <value>
                <![CDATA[hehieuwjd]]>
              </value>
            </param>
            <param index="1">
              <value>
                <![CDATA[75412]]>
              </value>
            </param>
          </params>
          <reporter-output>
          </reporter-output>
        </test-method> <!-- deleteBook -->
      </class> <!-- com.restassuredapi.basic.LibraryApi -->
    </test> <!-- Default test -->
  </suite> <!-- Default suite -->
</testng-results>
