<?xml version="1.0" encoding="UTF-8"?>
<testng-results skipped="0" failed="0" ignored="0" total="2" passed="2">
  <reporter-output>
  </reporter-output>
  <suite name="Surefire suite" duration-ms="32" started-at="2021-02-26T02:05:26 IST" finished-at="2021-02-26T02:05:26 IST">
    <groups>
    </groups>
    <test name="Surefire test" duration-ms="32" started-at="2021-02-26T02:05:26 IST" finished-at="2021-02-26T02:05:26 IST">
      <class name="com.maven.project.MavenProject.SampleDemoTest">
        <test-method status="PASS" signature="invokeBrowser()[pri:0, instance:com.maven.project.MavenProject.SampleDemoTest@6e1567f1]" name="invokeBrowser" duration-ms="3" started-at="2021-02-26T02:05:26 IST" finished-at="2021-02-26T02:05:26 IST">
          <reporter-output>
          </reporter-output>
        </test-method> <!-- invokeBrowser -->
      </class> <!-- com.maven.project.MavenProject.SampleDemoTest -->
      <class name="com.maven.project.MavenProject.SampleTest">
        <test-method status="PASS" signature="invokeBrowser1()[pri:0, instance:com.maven.project.MavenProject.SampleTest@5cb9f472]" name="invokeBrowser1" duration-ms="1" started-at="2021-02-26T02:05:26 IST" finished-at="2021-02-26T02:05:26 IST">
          <reporter-output>
          </reporter-output>
        </test-method> <!-- invokeBrowser1 -->
      </class> <!-- com.maven.project.MavenProject.SampleTest -->
    </test> <!-- Surefire test -->
  </suite> <!-- Surefire suite -->
</testng-results>
