<?xml version="1.0" encoding="UTF-8"?>
<!-- Generated by org.testng.reporters.JUnitXMLReporter -->
<testsuite hostname="LP1-AP-51836313" name="Regression" tests="3" failures="0" timestamp="24 Feb 2021 19:11:40 GMT" time="0.015" errors="0">
  <testcase name="demoMethod1" time="0.003" classname="com.testng.starter.TestngTutorial"/>
  <testcase name="demoMethod5" time="0.001" classname="com.testng.starter.TestngTutorial"/>
  <testcase name="demoMethod2" time="0.001" classname="com.testng.starter.TestngTutorial"/>
</testsuite> <!-- Regression -->
