<?xml version="1.0" encoding="UTF-8"?>
<!-- Generated by org.testng.reporters.JUnitXMLReporter -->
<testsuite hostname="LP1-AP-51836313" name="Test" tests="8" failures="0" timestamp="24 Feb 2021 22:24:30 GMT" time="0.037" errors="0">
  <testcase name="demoMethod1" time="0.007" classname="com.testng.starter.TestngTutorial"/>
  <testcase name="demoMethod3" time="0.001" classname="com.testng.starter.TestngTutorial"/>
  <testcase name="demoMethod5" time="0.0" classname="com.testng.starter.TestngTutorial"/>
  <testcase name="demoMethod5" time="0.001" classname="com.testng.starter.TestngTutorial"/>
  <testcase name="demoMethod5" time="0.0" classname="com.testng.starter.TestngTutorial"/>
  <testcase name="demoParamitarized" time="0.001" classname="com.testng.starter.TestngTutorial"/>
  <testcase name="demoMethod" time="0.001" classname="com.testng.starter.TestngTutorial"/>
  <testcase name="demoMethod2" time="0.001" classname="com.testng.starter.TestngTutorial"/>
</testsuite> <!-- Test -->
